<?xml version="1.0" encoding="UTF-8"?>
<testsuite xmlns:xsi="http://www.w3.org/2001/XMLSchema-instance" xsi:noNamespaceSchemaLocation="https://maven.apache.org/surefire/maven-surefire-plugin/xsd/surefire-test-report.xsd" version="3.0.2" name="com.varad.simplewebapp.SimplewebappApplicationTests" time="11.098" tests="1" errors="0" skipped="0" failures="0">
  <properties>
[...]
</properties>
  <testcase name="contextLoads" classname="com.varad.simplewebapp.SimplewebappApplicationTests" time="6.137">
    <system-out><![CDATA[11:19:38.827 [main] INFO org.springframework.test.context.support.AnnotationConfigContextLoaderUtils -- Could not detect default configuration classes for test class [com.varad.simplewebapp.SimplewebappApplicationTests]: SimplewebappApplicationTests does not declare any static, non-private, non-final, nested classes annotated with @Configuration.
11:19:39.185 [main] INFO org.springframework.boot.test.context.SpringBootTestContextBootstrapper -- Found @SpringBootConfiguration com.varad.simplewebapp.SimplewebappApplication for test class com.varad.simplewebapp.SimplewebappApplicationTests

  .   ____          _            __ _ _
 /\\ / ___'_ __ _ _(_)_ __  __ _ \ \ \ \
( ( )\___ | '_ | '_| | '_ \/ _` | \ \ \ \
 \\/  ___)| |_)| | | | | || (_| |  ) ) ) )
  '  |____| .__|_| |_|_| |_\__, | / / / /
 =========|_|==============|___/=/_/_/_/

 :: Spring Boot ::                (v3.5.3)

2025-07-03T11:19:40.510+01:00  INFO 27604 --- [simplewebapp] [           main] c.v.s.SimplewebappApplicationTests       : Starting SimplewebappApplicationTests using Java 23.0.2 with PID 27604 (started by vshenkudeshi in C:\Users\vshenkudeshi\Downloads\spring\simplewebapp)
2025-07-03T11:19:40.513+01:00  INFO 27604 --- [simplewebapp] [           main] c.v.s.SimplewebappApplicationTests       : No active profile set, falling back to 1 default profile: "default"
2025-07-03T11:19:43.350+01:00  INFO 27604 --- [simplewebapp] [           main] c.v.s.SimplewebappApplicationTests       : Started SimplewebappApplicationTests in 3.696 seconds (process running for 7.398)
]]></system-out>
    <system-err><![CDATA[Mockito is currently self-attaching to enable the inline-mock-maker. This will no longer work in future releases of the JDK. Please add Mockito as an agent to your build as described in Mockito's documentation: https://javadoc.io/doc/org.mockito/mockito-core/latest/org.mockito/org/mockito/Mockito.html#0.3
WARNING: A Java agent has been loaded dynamically (C:\Users\vshenkudeshi\.m2\repository\net\bytebuddy\byte-buddy-agent\1.17.6\byte-buddy-agent-1.17.6.jar)
WARNING: If a serviceability tool is in use, please run with -XX:+EnableDynamicAgentLoading to hide this warning
WARNING: If a serviceability tool is not in use, please run with -Djdk.instrument.traceUsage for more information
WARNING: Dynamic loading of agents will be disallowed by default in a future release
]]></system-err>
  </testcase>
</testsuite>